2022-03-21 15:27:29 error: ENOENT: no such file or directory, open './dist/output/policies.combined.json'
2022-03-21 15:27:29 info: Initializing ORM connection...
2022-03-21 15:27:29 error: TypeORMError: No connection options were found in any orm configuration files.
    at new TypeORMError (/home/bacarif/work/other/backend-afrikinvest/node_modules/typeorm/error/TypeORMError.js:9:28)
    at ConnectionOptionsReader.<anonymous> (/home/bacarif/work/other/backend-afrikinvest/node_modules/typeorm/connection/ConnectionOptionsReader.js:40:35)
    at step (/home/bacarif/work/other/backend-afrikinvest/node_modules/typeorm/node_modules/tslib/tslib.js:143:27)
    at Object.next (/home/bacarif/work/other/backend-afrikinvest/node_modules/typeorm/node_modules/tslib/tslib.js:124:57)
    at fulfilled (/home/bacarif/work/other/backend-afrikinvest/node_modules/typeorm/node_modules/tslib/tslib.js:114:62)
    at processTicksAndRejections (node:internal/process/task_queues:96:5)
2022-03-21 15:29:10 info: Initializing ORM connection...
2022-03-21 15:29:10 error: Error: connect ECONNREFUSED 127.0.0.1:3306
    at TCPConnectWrap.afterConnect [as oncomplete] (node:net:1157:16)
2022-03-21 15:52:25 info: Initializing ORM connection...
2022-03-21 15:52:25 error: Error: Access denied for user 'root'@'localhost'
    at Packet.asError (/home/bacarif/work/other/backend-afrikinvest/node_modules/mysql2/lib/packets/packet.js:728:17)
    at ClientHandshake.execute (/home/bacarif/work/other/backend-afrikinvest/node_modules/mysql2/lib/commands/command.js:29:26)
    at PoolConnection.handlePacket (/home/bacarif/work/other/backend-afrikinvest/node_modules/mysql2/lib/connection.js:456:32)
    at PacketParser.onPacket (/home/bacarif/work/other/backend-afrikinvest/node_modules/mysql2/lib/connection.js:85:12)
    at PacketParser.executeStart (/home/bacarif/work/other/backend-afrikinvest/node_modules/mysql2/lib/packet_parser.js:75:16)
    at Socket.<anonymous> (/home/bacarif/work/other/backend-afrikinvest/node_modules/mysql2/lib/connection.js:92:25)
    at Socket.emit (node:events:520:28)
    at addChunk (node:internal/streams/readable:324:12)
    at readableAddChunk (node:internal/streams/readable:297:9)
    at Socket.Readable.push (node:internal/streams/readable:234:10)
    at TCP.onStreamRead (node:internal/stream_base_commons:190:23)
2022-03-21 15:53:44 info: Initializing ORM connection...
2022-03-21 15:53:44 error: Error: Access denied for user 'root'@'localhost'
    at Packet.asError (/home/bacarif/work/other/backend-afrikinvest/node_modules/mysql2/lib/packets/packet.js:728:17)
    at ClientHandshake.execute (/home/bacarif/work/other/backend-afrikinvest/node_modules/mysql2/lib/commands/command.js:29:26)
    at PoolConnection.handlePacket (/home/bacarif/work/other/backend-afrikinvest/node_modules/mysql2/lib/connection.js:456:32)
    at PacketParser.onPacket (/home/bacarif/work/other/backend-afrikinvest/node_modules/mysql2/lib/connection.js:85:12)
    at PacketParser.executeStart (/home/bacarif/work/other/backend-afrikinvest/node_modules/mysql2/lib/packet_parser.js:75:16)
    at Socket.<anonymous> (/home/bacarif/work/other/backend-afrikinvest/node_modules/mysql2/lib/connection.js:92:25)
    at Socket.emit (node:events:520:28)
    at addChunk (node:internal/streams/readable:324:12)
    at readableAddChunk (node:internal/streams/readable:297:9)
    at Socket.Readable.push (node:internal/streams/readable:234:10)
    at TCP.onStreamRead (node:internal/stream_base_commons:190:23)
2022-03-21 15:56:12 info: Initializing ORM connection...
2022-03-21 15:56:12 error: Error: Unknown database 'expressjs_api'
    at Packet.asError (/home/bacarif/work/other/backend-afrikinvest/node_modules/mysql2/lib/packets/packet.js:728:17)
    at ClientHandshake.execute (/home/bacarif/work/other/backend-afrikinvest/node_modules/mysql2/lib/commands/command.js:29:26)
    at PoolConnection.handlePacket (/home/bacarif/work/other/backend-afrikinvest/node_modules/mysql2/lib/connection.js:456:32)
    at PacketParser.onPacket (/home/bacarif/work/other/backend-afrikinvest/node_modules/mysql2/lib/connection.js:85:12)
    at PacketParser.executeStart (/home/bacarif/work/other/backend-afrikinvest/node_modules/mysql2/lib/packet_parser.js:75:16)
    at Socket.<anonymous> (/home/bacarif/work/other/backend-afrikinvest/node_modules/mysql2/lib/connection.js:92:25)
    at Socket.emit (node:events:520:28)
    at addChunk (node:internal/streams/readable:324:12)
    at readableAddChunk (node:internal/streams/readable:297:9)
    at Socket.Readable.push (node:internal/streams/readable:234:10)
    at TCP.onStreamRead (node:internal/stream_base_commons:190:23)
2022-03-21 15:58:32 info: Initializing ORM connection...
2022-03-21 15:58:33 error: TypeError: Cannot set properties of undefined (setting 'jwt')
    at Authenticator.use (/home/bacarif/work/other/backend-afrikinvest/node_modules/passport/lib/authenticator.js:58:26)
    at AuthService.initStrategies (/home/bacarif/work/other/backend-afrikinvest/dist/services/auth/index.js:99:28)
    at registerMiddleware (/home/bacarif/work/other/backend-afrikinvest/dist/api/middleware/index.js:31:30)
    at initRestRoutes (/home/bacarif/work/other/backend-afrikinvest/dist/api/routes.js:15:41)
    at new Server (/home/bacarif/work/other/backend-afrikinvest/dist/api/server.js:12:37)
    at /home/bacarif/work/other/backend-afrikinvest/dist/app.js:32:25
    at Generator.next (<anonymous>)
    at fulfilled (/home/bacarif/work/other/backend-afrikinvest/dist/app.js:5:58)
    at processTicksAndRejections (node:internal/process/task_queues:96:5)
2022-03-21 16:14:25 info: Initializing ORM connection...
2022-03-21 16:14:25 error: RangeError: The redis url must begin with slashes "//" or contain slashes after the redis protocol
    at createClient (/home/bacarif/work/other/backend-afrikinvest/node_modules/redis/lib/createClient.js:61:19)
    at exports.createClient (/home/bacarif/work/other/backend-afrikinvest/node_modules/redis/index.js:1089:41)
    at Function.connect (/home/bacarif/work/other/backend-afrikinvest/dist/services/redis.js:21:48)
    at /home/bacarif/work/other/backend-afrikinvest/dist/app.js:30:34
    at Generator.next (<anonymous>)
    at fulfilled (/home/bacarif/work/other/backend-afrikinvest/dist/app.js:5:58)
    at processTicksAndRejections (node:internal/process/task_queues:96:5)
2022-03-21 16:25:56 info: Initializing ORM connection...
2022-03-21 16:25:56 error: TypeError: Cannot set properties of undefined (setting 'jwt')
    at Authenticator.use (/home/bacarif/work/other/backend-afrikinvest/node_modules/passport/lib/authenticator.js:58:26)
    at AuthService.initStrategies (/home/bacarif/work/other/backend-afrikinvest/dist/services/auth/index.js:99:28)
    at registerMiddleware (/home/bacarif/work/other/backend-afrikinvest/dist/api/middleware/index.js:31:30)
    at initRestRoutes (/home/bacarif/work/other/backend-afrikinvest/dist/api/routes.js:15:41)
    at new Server (/home/bacarif/work/other/backend-afrikinvest/dist/api/server.js:12:37)
    at /home/bacarif/work/other/backend-afrikinvest/dist/app.js:32:25
    at Generator.next (<anonymous>)
    at fulfilled (/home/bacarif/work/other/backend-afrikinvest/dist/app.js:5:58)
    at processTicksAndRejections (node:internal/process/task_queues:96:5)
2022-03-21 16:28:51 info: Initializing ORM connection...
2022-03-21 16:28:51 error: TypeError: Cannot set properties of undefined (setting 'jwt')
    at Authenticator.use (/home/bacarif/work/other/backend-afrikinvest/node_modules/passport/lib/authenticator.js:58:26)
    at AuthService.initStrategies (/home/bacarif/work/other/backend-afrikinvest/dist/services/auth/index.js:99:28)
    at registerMiddleware (/home/bacarif/work/other/backend-afrikinvest/dist/api/middleware/index.js:31:30)
    at initRestRoutes (/home/bacarif/work/other/backend-afrikinvest/dist/api/routes.js:15:41)
    at new Server (/home/bacarif/work/other/backend-afrikinvest/dist/api/server.js:12:37)
    at /home/bacarif/work/other/backend-afrikinvest/dist/app.js:32:25
    at Generator.next (<anonymous>)
    at fulfilled (/home/bacarif/work/other/backend-afrikinvest/dist/app.js:5:58)
    at processTicksAndRejections (node:internal/process/task_queues:96:5)
2022-03-21 16:29:09 info: Initializing ORM connection...
2022-03-21 16:29:09 info: node server is listening on port 3000 in development mode
2022-03-21 16:29:41 error: TypeError: Cannot read properties of undefined (reading 'authenticate')
    at Authenticator.authenticate (/home/bacarif/work/other/backend-afrikinvest/node_modules/passport/lib/authenticator.js:165:26)
    at JwtStrategy.isAuthorized (/home/bacarif/work/other/backend-afrikinvest/dist/services/auth/strategies/jwt.js:49:41)
    at AuthService.doAuthentication (/home/bacarif/work/other/backend-afrikinvest/dist/services/auth/index.js:146:45)
    at /home/bacarif/work/other/backend-afrikinvest/dist/services/auth/index.js:113:33
    at Layer.handle [as handle_request] (/home/bacarif/work/other/backend-afrikinvest/node_modules/express/lib/router/layer.js:95:5)
    at next (/home/bacarif/work/other/backend-afrikinvest/node_modules/express/lib/router/route.js:137:13)
    at Route.dispatch (/home/bacarif/work/other/backend-afrikinvest/node_modules/express/lib/router/route.js:112:3)
    at Layer.handle [as handle_request] (/home/bacarif/work/other/backend-afrikinvest/node_modules/express/lib/router/layer.js:95:5)
    at /home/bacarif/work/other/backend-afrikinvest/node_modules/express/lib/router/index.js:281:22
    at Function.process_params (/home/bacarif/work/other/backend-afrikinvest/node_modules/express/lib/router/index.js:341:12)
    at next (/home/bacarif/work/other/backend-afrikinvest/node_modules/express/lib/router/index.js:275:10)
    at Function.handle (/home/bacarif/work/other/backend-afrikinvest/node_modules/express/lib/router/index.js:174:3)
    at router (/home/bacarif/work/other/backend-afrikinvest/node_modules/express/lib/router/index.js:47:12)
    at Layer.handle [as handle_request] (/home/bacarif/work/other/backend-afrikinvest/node_modules/express/lib/router/layer.js:95:5)
    at trim_prefix (/home/bacarif/work/other/backend-afrikinvest/node_modules/express/lib/router/index.js:323:13)
    at /home/bacarif/work/other/backend-afrikinvest/node_modules/express/lib/router/index.js:284:7
2022-08-18 07:48:28 info: Initializing ORM connection...
2022-08-18 07:48:28 error: TypeORMError: No connection options were found in any orm configuration files.
    at new TypeORMError (E:\backend-afrikinvest-main\backend-afrikinvest-main\node_modules\typeorm\error\TypeORMError.js:9:28)
    at ConnectionOptionsReader.<anonymous> (E:\backend-afrikinvest-main\backend-afrikinvest-main\node_modules\typeorm\connection\ConnectionOptionsReader.js:40:35)
    at step (E:\backend-afrikinvest-main\backend-afrikinvest-main\node_modules\typeorm\node_modules\tslib\tslib.js:143:27)
    at Object.next (E:\backend-afrikinvest-main\backend-afrikinvest-main\node_modules\typeorm\node_modules\tslib\tslib.js:124:57)
    at fulfilled (E:\backend-afrikinvest-main\backend-afrikinvest-main\node_modules\typeorm\node_modules\tslib\tslib.js:114:62)
    at processTicksAndRejections (node:internal/process/task_queues:96:5)
2022-08-18 07:53:50 info: Initializing ORM connection...
2022-08-18 07:53:50 error: TypeORMError: No connection options were found in any orm configuration files.
    at new TypeORMError (E:\backend-afrikinvest-main\backend-afrikinvest-main\node_modules\typeorm\error\TypeORMError.js:9:28)
    at ConnectionOptionsReader.<anonymous> (E:\backend-afrikinvest-main\backend-afrikinvest-main\node_modules\typeorm\connection\ConnectionOptionsReader.js:40:35)
    at step (E:\backend-afrikinvest-main\backend-afrikinvest-main\node_modules\typeorm\node_modules\tslib\tslib.js:143:27)
    at Object.next (E:\backend-afrikinvest-main\backend-afrikinvest-main\node_modules\typeorm\node_modules\tslib\tslib.js:124:57)
    at fulfilled (E:\backend-afrikinvest-main\backend-afrikinvest-main\node_modules\typeorm\node_modules\tslib\tslib.js:114:62)
    at processTicksAndRejections (node:internal/process/task_queues:96:5)
2022-08-18 08:00:58 info: Initializing ORM connection...
2022-08-18 08:00:58 error: TypeORMError: No connection options were found in any orm configuration files.
    at ConnectionOptionsReader.all (E:\backend-afrikinvest-main\backend-afrikinvest-main\node_modules\typeorm\connection\ConnectionOptionsReader.js:34:19)
    at processTicksAndRejections (node:internal/process/task_queues:96:5)
    at async ConnectionOptionsReader.get (E:\backend-afrikinvest-main\backend-afrikinvest-main\node_modules\typeorm\connection\ConnectionOptionsReader.js:42:28)
2022-08-18 08:41:56 info: Initializing ORM connection...
2022-08-18 08:41:56 error: TypeORMError: No connection options were found in any orm configuration files.
    at ConnectionOptionsReader.all (E:\backend-afrikinvest-main\backend-afrikinvest-main\node_modules\typeorm\connection\ConnectionOptionsReader.js:34:19)
    at processTicksAndRejections (node:internal/process/task_queues:96:5)
    at async ConnectionOptionsReader.get (E:\backend-afrikinvest-main\backend-afrikinvest-main\node_modules\typeorm\connection\ConnectionOptionsReader.js:42:28)
2022-08-18 08:47:11 info: Initializing ORM connection...
2022-08-18 08:47:11 error: Error: connect ECONNREFUSED 127.0.0.1:3306
    at TCPConnectWrap.afterConnect [as oncomplete] (node:net:1187:16)
2022-08-18 09:46:57 info: Initializing ORM connection...
2022-08-18 09:46:57 error: Error: Access denied for user 'dbuser'@'localhost' (using password: YES)
    at Packet.asError (E:\backend-afrikinvest-main\backend-afrikinvest-main\node_modules\mysql2\lib\packets\packet.js:728:17)
    at ClientHandshake.execute (E:\backend-afrikinvest-main\backend-afrikinvest-main\node_modules\mysql2\lib\commands\command.js:29:26)
    at PoolConnection.handlePacket (E:\backend-afrikinvest-main\backend-afrikinvest-main\node_modules\mysql2\lib\connection.js:456:32)
    at PacketParser.onPacket (E:\backend-afrikinvest-main\backend-afrikinvest-main\node_modules\mysql2\lib\connection.js:85:12)
    at PacketParser.executeStart (E:\backend-afrikinvest-main\backend-afrikinvest-main\node_modules\mysql2\lib\packet_parser.js:75:16)
    at Socket.<anonymous> (E:\backend-afrikinvest-main\backend-afrikinvest-main\node_modules\mysql2\lib\connection.js:92:25)
    at Socket.emit (node:events:527:28)
    at addChunk (node:internal/streams/readable:315:12)
    at readableAddChunk (node:internal/streams/readable:289:9)
    at Socket.Readable.push (node:internal/streams/readable:228:10)
    at TCP.onStreamRead (node:internal/stream_base_commons:190:23)
2022-08-18 09:47:21 info: Initializing ORM connection...
2022-08-18 09:47:21 error: Error: Unknown database 'socialdb'
    at Packet.asError (E:\backend-afrikinvest-main\backend-afrikinvest-main\node_modules\mysql2\lib\packets\packet.js:728:17)
    at ClientHandshake.execute (E:\backend-afrikinvest-main\backend-afrikinvest-main\node_modules\mysql2\lib\commands\command.js:29:26)
    at PoolConnection.handlePacket (E:\backend-afrikinvest-main\backend-afrikinvest-main\node_modules\mysql2\lib\connection.js:456:32)
    at PacketParser.onPacket (E:\backend-afrikinvest-main\backend-afrikinvest-main\node_modules\mysql2\lib\connection.js:85:12)
    at PacketParser.executeStart (E:\backend-afrikinvest-main\backend-afrikinvest-main\node_modules\mysql2\lib\packet_parser.js:75:16)
    at Socket.<anonymous> (E:\backend-afrikinvest-main\backend-afrikinvest-main\node_modules\mysql2\lib\connection.js:92:25)
    at Socket.emit (node:events:527:28)
    at addChunk (node:internal/streams/readable:315:12)
    at readableAddChunk (node:internal/streams/readable:289:9)
    at Socket.Readable.push (node:internal/streams/readable:228:10)
    at TCP.onStreamRead (node:internal/stream_base_commons:190:23)
2022-08-18 09:58:06 info: Initializing ORM connection...
2022-08-18 09:58:06 info: node server is listening on port 3000 in development mode
2022-08-26 04:36:26 info: Initializing ORM connection...
2022-08-26 04:36:26 error: Error: Unknown database 'socialdb'
    at Packet.asError (E:\AfrikInvest\backend-afrikinvest-main\node_modules\mysql2\lib\packets\packet.js:728:17)
    at ClientHandshake.execute (E:\AfrikInvest\backend-afrikinvest-main\node_modules\mysql2\lib\commands\command.js:29:26)
    at PoolConnection.handlePacket (E:\AfrikInvest\backend-afrikinvest-main\node_modules\mysql2\lib\connection.js:456:32)
    at PacketParser.onPacket (E:\AfrikInvest\backend-afrikinvest-main\node_modules\mysql2\lib\connection.js:85:12)
    at PacketParser.executeStart (E:\AfrikInvest\backend-afrikinvest-main\node_modules\mysql2\lib\packet_parser.js:75:16)
    at Socket.<anonymous> (E:\AfrikInvest\backend-afrikinvest-main\node_modules\mysql2\lib\connection.js:92:25)
    at Socket.emit (node:events:513:28)
    at addChunk (node:internal/streams/readable:324:12)
    at readableAddChunk (node:internal/streams/readable:297:9)
    at Readable.push (node:internal/streams/readable:234:10)
    at TCP.onStreamRead (node:internal/stream_base_commons:190:23)
2022-08-26 04:45:43 info: Initializing ORM connection...
2022-08-26 04:45:43 error: Error: Unknown database 'socialdb'
    at Packet.asError (E:\AfrikInvest\backend-afrikinvest-main\node_modules\mysql2\lib\packets\packet.js:728:17)
    at ClientHandshake.execute (E:\AfrikInvest\backend-afrikinvest-main\node_modules\mysql2\lib\commands\command.js:29:26)
    at PoolConnection.handlePacket (E:\AfrikInvest\backend-afrikinvest-main\node_modules\mysql2\lib\connection.js:456:32)
    at PacketParser.onPacket (E:\AfrikInvest\backend-afrikinvest-main\node_modules\mysql2\lib\connection.js:85:12)
    at PacketParser.executeStart (E:\AfrikInvest\backend-afrikinvest-main\node_modules\mysql2\lib\packet_parser.js:75:16)
    at Socket.<anonymous> (E:\AfrikInvest\backend-afrikinvest-main\node_modules\mysql2\lib\connection.js:92:25)
    at Socket.emit (node:events:513:28)
    at addChunk (node:internal/streams/readable:324:12)
    at readableAddChunk (node:internal/streams/readable:297:9)
    at Readable.push (node:internal/streams/readable:234:10)
    at TCP.onStreamRead (node:internal/stream_base_commons:190:23)
2022-08-26 04:47:25 info: Initializing ORM connection...
2022-08-26 04:47:25 info: node server is listening on port 3000 in development mode
2022-08-26 04:49:21 info: Initializing ORM connection...
2022-08-26 04:49:21 info: node server is listening on port 3000 in development mode
2022-08-26 04:53:49 info: Initializing ORM connection...
2022-08-26 04:53:49 info: node server is listening on port 3000 in development mode
2022-08-26 09:24:30 info: Initializing ORM connection...
2022-08-26 09:24:31 error: Error: connect ECONNREFUSED ::1:3306
    at TCPConnectWrap.afterConnect [as oncomplete] (node:net:1300:16)
2022-08-26 09:25:00 info: Initializing ORM connection...
2022-08-26 09:25:00 error: Error: connect ECONNREFUSED ::1:3306
    at TCPConnectWrap.afterConnect [as oncomplete] (node:net:1300:16)
2022-08-26 09:25:17 info: Initializing ORM connection...
2022-08-26 09:25:17 info: node server is listening on port 3000 in development mode
2022-08-26 09:27:51 error: ENOENT: no such file or directory, open './dist/output/policies.combined.json'
2022-08-26 09:27:51 info: Initializing ORM connection...
2022-08-26 09:27:51 info: node server is listening on port 3000 in development mode
2022-08-26 09:30:02 info: Initializing ORM connection...
2022-08-26 09:30:02 info: node server is listening on port 3000 in development mode
2022-08-26 09:46:06 info: Initializing ORM connection...
2022-08-26 09:46:06 info: node server is listening on port 3000 in development mode
2022-08-26 09:46:43 info: Initializing ORM connection...
2022-08-26 09:46:43 info: node server is listening on port 3000 in development mode
2022-08-26 09:47:49 info: Initializing ORM connection...
2022-08-26 09:47:49 info: node server is listening on port 3000 in development mode
2022-08-26 09:49:01 info: Initializing ORM connection...
2022-08-26 09:49:01 info: node server is listening on port 3000 in development mode
2022-08-26 09:49:31 info: Initializing ORM connection...
2022-08-26 09:49:31 info: node server is listening on port 3000 in development mode
2022-08-26 09:51:24 info: Initializing ORM connection...
2022-08-26 09:51:24 info: node server is listening on port 3000 in development mode
2022-08-26 10:29:49 info: Initializing ORM connection...
2022-08-26 10:29:50 info: node server is listening on port 3000 in development mode
2022-08-26 17:12:30 info: Initializing ORM connection...
2022-08-26 17:12:30 info: node server is listening on port 3000 in development mode
2022-08-26 17:13:01 info: Initializing ORM connection...
2022-08-26 17:13:01 info: node server is listening on port 3000 in development mode
2022-08-26 17:13:23 info: Initializing ORM connection...
2022-08-26 17:13:23 info: node server is listening on port 3000 in development mode
2022-08-26 17:17:15 error: TypeError: Cannot read properties of undefined (reading 'authenticate')
    at Authenticator.authenticate (E:\AfrikInvest\backend-afrikinvest-main\node_modules\passport\lib\authenticator.js:162:26)
    at JwtStrategy.isAuthorized (E:\AfrikInvest\backend-afrikinvest-main\dist\services\auth\strategies\jwt.js:49:41)
    at AuthService.doAuthentication (E:\AfrikInvest\backend-afrikinvest-main\dist\services\auth\index.js:146:45)
    at E:\AfrikInvest\backend-afrikinvest-main\dist\services\auth\index.js:113:33
    at Layer.handle [as handle_request] (E:\AfrikInvest\backend-afrikinvest-main\node_modules\express\lib\router\layer.js:95:5)
    at next (E:\AfrikInvest\backend-afrikinvest-main\node_modules\express\lib\router\route.js:144:13)
    at Route.dispatch (E:\AfrikInvest\backend-afrikinvest-main\node_modules\express\lib\router\route.js:114:3)
    at Layer.handle [as handle_request] (E:\AfrikInvest\backend-afrikinvest-main\node_modules\express\lib\router\layer.js:95:5)
    at E:\AfrikInvest\backend-afrikinvest-main\node_modules\express\lib\router\index.js:284:15
    at Function.process_params (E:\AfrikInvest\backend-afrikinvest-main\node_modules\express\lib\router\index.js:346:12)
    at next (E:\AfrikInvest\backend-afrikinvest-main\node_modules\express\lib\router\index.js:280:10)
    at Function.handle (E:\AfrikInvest\backend-afrikinvest-main\node_modules\express\lib\router\index.js:175:3)
    at router (E:\AfrikInvest\backend-afrikinvest-main\node_modules\express\lib\router\index.js:47:12)
    at Layer.handle [as handle_request] (E:\AfrikInvest\backend-afrikinvest-main\node_modules\express\lib\router\layer.js:95:5)
    at trim_prefix (E:\AfrikInvest\backend-afrikinvest-main\node_modules\express\lib\router\index.js:328:13)
    at E:\AfrikInvest\backend-afrikinvest-main\node_modules\express\lib\router\index.js:286:9
2022-08-26 18:22:06 info: Initializing ORM connection...
2022-08-26 18:22:06 info: node server is listening on port 3000 in development mode
2022-08-26 18:32:27 info: Initializing ORM connection...
2022-08-26 18:32:27 info: node server is listening on port 3000 in development mode
2022-08-26 18:48:16 info: Initializing ORM connection...
2022-08-26 18:48:17 info: node server is listening on port 3000 in development mode
2022-08-27 01:15:18 info: Initializing ORM connection...
2022-08-27 01:15:18 info: node server is listening on port 3000 in development mode
2022-08-27 01:18:21 info: Initializing ORM connection...
2022-08-27 01:18:21 info: node server is listening on port 3000 in development mode
2022-08-27 01:19:25 info: Initializing ORM connection...
2022-08-27 01:19:25 info: node server is listening on port 3000 in development mode
2022-08-27 01:21:09 info: Initializing ORM connection...
2022-08-27 01:21:09 info: node server is listening on port 3000 in development mode
2022-08-27 01:22:15 info: Initializing ORM connection...
2022-08-27 01:22:15 info: node server is listening on port 3000 in development mode
2022-08-27 01:29:26 info: Initializing ORM connection...
2022-08-27 01:29:26 info: node server is listening on port 3000 in development mode
2022-08-27 01:35:03 info: Initializing ORM connection...
2022-08-27 01:35:03 error: Error: connect ECONNREFUSED ::1:3306
    at TCPConnectWrap.afterConnect [as oncomplete] (node:net:1300:16)
2022-08-27 01:35:34 info: Initializing ORM connection...
2022-08-27 01:35:34 info: node server is listening on port 3000 in development mode
2022-08-27 01:36:31 info: Initializing ORM connection...
2022-08-27 01:36:31 info: node server is listening on port 3000 in development mode
2022-08-27 01:38:37 info: Initializing ORM connection...
2022-08-27 01:38:37 info: node server is listening on port 3000 in development mode
2022-08-27 01:40:11 info: Initializing ORM connection...
2022-08-27 01:40:12 info: node server is listening on port 3000 in development mode
2022-08-27 01:42:23 info: Initializing ORM connection...
2022-08-27 01:42:23 info: node server is listening on port 3000 in development mode
2022-08-27 01:43:45 info: Initializing ORM connection...
2022-08-27 01:43:46 info: node server is listening on port 3000 in development mode
2022-08-27 01:45:28 info: Initializing ORM connection...
2022-08-27 01:45:28 info: node server is listening on port 3000 in development mode
2022-08-27 18:36:10 info: Initializing ORM connection...
2022-08-27 18:36:11 error: Error: connect ECONNREFUSED ::1:3306
    at TCPConnectWrap.afterConnect [as oncomplete] (node:net:1300:16)
2022-08-27 18:36:35 info: Initializing ORM connection...
2022-08-27 18:36:35 info: node server is listening on port 8080 in development mode
2022-08-27 18:49:30 info: Initializing ORM connection...
2022-08-27 18:49:30 info: node server is listening on port 8080 in development mode
2022-08-27 18:57:35 info: Initializing ORM connection...
2022-08-27 18:57:35 info: node server is listening on port 3000 in development mode
2022-08-27 19:03:26 info: Initializing ORM connection...
2022-08-27 19:03:27 info: node server is listening on port 3000 in development mode
2022-08-27 19:04:41 info: Initializing ORM connection...
2022-08-27 19:04:41 info: node server is listening on port 3000 in development mode
2022-08-27 19:06:15 info: Initializing ORM connection...
2022-08-27 19:06:16 info: node server is listening on port 3000 in development mode
2022-08-27 19:09:31 info: Initializing ORM connection...
2022-08-27 19:09:31 info: node server is listening on port 3000 in development mode
2022-08-27 19:11:12 info: Initializing ORM connection...
2022-08-27 19:11:12 info: node server is listening on port 3000 in development mode
2022-08-27 19:13:01 info: Initializing ORM connection...
2022-08-27 19:13:01 info: node server is listening on port 3000 in development mode
2022-08-27 19:23:27 info: Initializing ORM connection...
2022-08-27 19:23:28 info: node server is listening on port 3000 in development mode
2022-08-27 19:26:06 info: Initializing ORM connection...
2022-08-27 19:26:07 info: node server is listening on port 3000 in development mode
2022-08-27 19:27:16 info: Initializing ORM connection...
2022-08-27 19:27:16 info: node server is listening on port 3000 in development mode
2022-08-27 19:28:40 info: Initializing ORM connection...
2022-08-27 19:28:40 info: node server is listening on port 3000 in development mode
2022-08-27 19:30:08 info: Initializing ORM connection...
2022-08-27 19:30:08 info: node server is listening on port 3000 in development mode
2022-08-27 19:30:50 info: Initializing ORM connection...
2022-08-27 19:30:50 info: node server is listening on port 3000 in development mode
2022-08-27 19:35:37 info: Initializing ORM connection...
2022-08-27 19:35:37 info: node server is listening on port 3000 in development mode
2022-08-27 19:37:47 info: Initializing ORM connection...
2022-08-27 19:37:47 info: node server is listening on port 3000 in development mode
2022-08-27 19:43:14 info: Initializing ORM connection...
2022-08-27 19:43:15 info: node server is listening on port 3000 in development mode
2022-08-27 19:45:01 info: Initializing ORM connection...
2022-08-27 19:45:01 info: node server is listening on port 3000 in development mode
2022-08-27 19:47:32 info: Initializing ORM connection...
2022-08-27 19:47:32 info: node server is listening on port 3000 in development mode
2022-08-27 19:54:41 info: Initializing ORM connection...
2022-08-27 19:54:41 info: node server is listening on port 3000 in development mode
2022-08-27 19:58:11 info: Initializing ORM connection...
2022-08-27 19:58:11 info: node server is listening on port 3000 in development mode
2022-08-27 20:10:39 info: Initializing ORM connection...
2022-08-27 20:10:40 info: node server is listening on port 8080 in development mode
2022-08-27 21:49:24 info: Initializing ORM connection...
2022-08-27 21:49:25 info: node server is listening on port 8080 in development mode
2022-08-27 22:02:13 info: Initializing ORM connection...
2022-08-27 22:02:13 error: Error: connect ECONNREFUSED ::1:3306
    at TCPConnectWrap.afterConnect [as oncomplete] (node:net:1300:16)
